Determining if the function sgemm_ exists failed with the following output:
Change Dir: /home/hoang/OSS/VoteGrasp/graspit/build/CMakeFiles/CMakeTmp

Run Build Command:"/usr/bin/make" "cmTC_7d1f1/fast"
/usr/bin/make -f CMakeFiles/cmTC_7d1f1.dir/build.make CMakeFiles/cmTC_7d1f1.dir/build
make[1]: Entering directory '/home/hoang/OSS/VoteGrasp/graspit/build/CMakeFiles/CMakeTmp'
Building C object CMakeFiles/cmTC_7d1f1.dir/CheckFunctionExists.c.o
/usr/bin/cc   -DCHECK_FUNCTION_EXISTS=sgemm_   -o CMakeFiles/cmTC_7d1f1.dir/CheckFunctionExists.c.o   -c /usr/local/share/cmake-3.13/Modules/CheckFunctionExists.c
Linking C executable cmTC_7d1f1
/usr/local/bin/cmake -E cmake_link_script CMakeFiles/cmTC_7d1f1.dir/link.txt --verbose=1
/usr/bin/cc  -DCHECK_FUNCTION_EXISTS=sgemm_    -rdynamic CMakeFiles/cmTC_7d1f1.dir/CheckFunctionExists.c.o  -o cmTC_7d1f1 
CMakeFiles/cmTC_7d1f1.dir/CheckFunctionExists.c.o: In function `main':
CheckFunctionExists.c:(.text+0x10): undefined reference to `sgemm_'
collect2: error: ld returned 1 exit status
CMakeFiles/cmTC_7d1f1.dir/build.make:86: recipe for target 'cmTC_7d1f1' failed
make[1]: *** [cmTC_7d1f1] Error 1
make[1]: Leaving directory '/home/hoang/OSS/VoteGrasp/graspit/build/CMakeFiles/CMakeTmp'
Makefile:121: recipe for target 'cmTC_7d1f1/fast' failed
make: *** [cmTC_7d1f1/fast] Error 2


Determining if the pthread_create exist failed with the following output:
Change Dir: /home/hoang/OSS/VoteGrasp/graspit/build/CMakeFiles/CMakeTmp

Run Build Command:"/usr/bin/make" "cmTC_2093c/fast"
/usr/bin/make -f CMakeFiles/cmTC_2093c.dir/build.make CMakeFiles/cmTC_2093c.dir/build
make[1]: Entering directory '/home/hoang/OSS/VoteGrasp/graspit/build/CMakeFiles/CMakeTmp'
Building C object CMakeFiles/cmTC_2093c.dir/CheckSymbolExists.c.o
/usr/bin/cc    -o CMakeFiles/cmTC_2093c.dir/CheckSymbolExists.c.o   -c /home/hoang/OSS/VoteGrasp/graspit/build/CMakeFiles/CMakeTmp/CheckSymbolExists.c
Linking C executable cmTC_2093c
/usr/local/bin/cmake -E cmake_link_script CMakeFiles/cmTC_2093c.dir/link.txt --verbose=1
/usr/bin/cc      -rdynamic CMakeFiles/cmTC_2093c.dir/CheckSymbolExists.c.o  -o cmTC_2093c 
CMakeFiles/cmTC_2093c.dir/CheckSymbolExists.c.o: In function `main':
CheckSymbolExists.c:(.text+0x16): undefined reference to `pthread_create'
collect2: error: ld returned 1 exit status
CMakeFiles/cmTC_2093c.dir/build.make:86: recipe for target 'cmTC_2093c' failed
make[1]: *** [cmTC_2093c] Error 1
make[1]: Leaving directory '/home/hoang/OSS/VoteGrasp/graspit/build/CMakeFiles/CMakeTmp'
Makefile:121: recipe for target 'cmTC_2093c/fast' failed
make: *** [cmTC_2093c/fast] Error 2

File /home/hoang/OSS/VoteGrasp/graspit/build/CMakeFiles/CMakeTmp/CheckSymbolExists.c:
/* */
#include <pthread.h>

int main(int argc, char** argv)
{
  (void)argv;
#ifndef pthread_create
  return ((int*)(&pthread_create))[argc];
#else
  (void)argc;
  return 0;
#endif
}

Determining if the function pthread_create exists in the pthreads failed with the following output:
Change Dir: /home/hoang/OSS/VoteGrasp/graspit/build/CMakeFiles/CMakeTmp

Run Build Command:"/usr/bin/make" "cmTC_d2a46/fast"
/usr/bin/make -f CMakeFiles/cmTC_d2a46.dir/build.make CMakeFiles/cmTC_d2a46.dir/build
make[1]: Entering directory '/home/hoang/OSS/VoteGrasp/graspit/build/CMakeFiles/CMakeTmp'
Building C object CMakeFiles/cmTC_d2a46.dir/CheckFunctionExists.c.o
/usr/bin/cc   -DCHECK_FUNCTION_EXISTS=pthread_create   -o CMakeFiles/cmTC_d2a46.dir/CheckFunctionExists.c.o   -c /usr/local/share/cmake-3.13/Modules/CheckFunctionExists.c
Linking C executable cmTC_d2a46
/usr/local/bin/cmake -E cmake_link_script CMakeFiles/cmTC_d2a46.dir/link.txt --verbose=1
/usr/bin/cc  -DCHECK_FUNCTION_EXISTS=pthread_create    -rdynamic CMakeFiles/cmTC_d2a46.dir/CheckFunctionExists.c.o  -o cmTC_d2a46 -lpthreads 
/usr/bin/ld: cannot find -lpthreads
collect2: error: ld returned 1 exit status
CMakeFiles/cmTC_d2a46.dir/build.make:86: recipe for target 'cmTC_d2a46' failed
make[1]: *** [cmTC_d2a46] Error 1
make[1]: Leaving directory '/home/hoang/OSS/VoteGrasp/graspit/build/CMakeFiles/CMakeTmp'
Makefile:121: recipe for target 'cmTC_d2a46/fast' failed
make: *** [cmTC_d2a46/fast] Error 2


Determining if the Q_WS_WIN exist failed with the following output:
Change Dir: /home/hoang/OSS/VoteGrasp/graspit/build/CMakeFiles/CMakeTmp

Run Build Command:"/usr/bin/make" "cmTC_84b1e/fast"
/usr/bin/make -f CMakeFiles/cmTC_84b1e.dir/build.make CMakeFiles/cmTC_84b1e.dir/build
make[1]: Entering directory '/home/hoang/OSS/VoteGrasp/graspit/build/CMakeFiles/CMakeTmp'
Building CXX object CMakeFiles/cmTC_84b1e.dir/CheckSymbolExists.cxx.o
/usr/bin/c++   -I/usr/include/qt4   -o CMakeFiles/cmTC_84b1e.dir/CheckSymbolExists.cxx.o -c /home/hoang/OSS/VoteGrasp/graspit/build/CMakeFiles/CMakeTmp/CheckSymbolExists.cxx
/home/hoang/OSS/VoteGrasp/graspit/build/CMakeFiles/CMakeTmp/CheckSymbolExists.cxx: In function ‘int main(int, char**)’:
/home/hoang/OSS/VoteGrasp/graspit/build/CMakeFiles/CMakeTmp/CheckSymbolExists.cxx:8:19: error: ‘Q_WS_WIN’ was not declared in this scope
   return ((int*)(&Q_WS_WIN))[argc];
                   ^
CMakeFiles/cmTC_84b1e.dir/build.make:65: recipe for target 'CMakeFiles/cmTC_84b1e.dir/CheckSymbolExists.cxx.o' failed
make[1]: *** [CMakeFiles/cmTC_84b1e.dir/CheckSymbolExists.cxx.o] Error 1
make[1]: Leaving directory '/home/hoang/OSS/VoteGrasp/graspit/build/CMakeFiles/CMakeTmp'
Makefile:121: recipe for target 'cmTC_84b1e/fast' failed
make: *** [cmTC_84b1e/fast] Error 2

File /home/hoang/OSS/VoteGrasp/graspit/build/CMakeFiles/CMakeTmp/CheckSymbolExists.cxx:
/* */
#include <QtCore/qglobal.h>

int main(int argc, char** argv)
{
  (void)argv;
#ifndef Q_WS_WIN
  return ((int*)(&Q_WS_WIN))[argc];
#else
  (void)argc;
  return 0;
#endif
}

Determining if the Q_WS_QWS exist failed with the following output:
Change Dir: /home/hoang/OSS/VoteGrasp/graspit/build/CMakeFiles/CMakeTmp

Run Build Command:"/usr/bin/make" "cmTC_6a2c6/fast"
/usr/bin/make -f CMakeFiles/cmTC_6a2c6.dir/build.make CMakeFiles/cmTC_6a2c6.dir/build
make[1]: Entering directory '/home/hoang/OSS/VoteGrasp/graspit/build/CMakeFiles/CMakeTmp'
Building CXX object CMakeFiles/cmTC_6a2c6.dir/CheckSymbolExists.cxx.o
/usr/bin/c++   -I/usr/include/qt4   -o CMakeFiles/cmTC_6a2c6.dir/CheckSymbolExists.cxx.o -c /home/hoang/OSS/VoteGrasp/graspit/build/CMakeFiles/CMakeTmp/CheckSymbolExists.cxx
/home/hoang/OSS/VoteGrasp/graspit/build/CMakeFiles/CMakeTmp/CheckSymbolExists.cxx: In function ‘int main(int, char**)’:
/home/hoang/OSS/VoteGrasp/graspit/build/CMakeFiles/CMakeTmp/CheckSymbolExists.cxx:8:19: error: ‘Q_WS_QWS’ was not declared in this scope
   return ((int*)(&Q_WS_QWS))[argc];
                   ^
CMakeFiles/cmTC_6a2c6.dir/build.make:65: recipe for target 'CMakeFiles/cmTC_6a2c6.dir/CheckSymbolExists.cxx.o' failed
make[1]: *** [CMakeFiles/cmTC_6a2c6.dir/CheckSymbolExists.cxx.o] Error 1
make[1]: Leaving directory '/home/hoang/OSS/VoteGrasp/graspit/build/CMakeFiles/CMakeTmp'
Makefile:121: recipe for target 'cmTC_6a2c6/fast' failed
make: *** [cmTC_6a2c6/fast] Error 2

File /home/hoang/OSS/VoteGrasp/graspit/build/CMakeFiles/CMakeTmp/CheckSymbolExists.cxx:
/* */
#include <QtCore/qglobal.h>

int main(int argc, char** argv)
{
  (void)argv;
#ifndef Q_WS_QWS
  return ((int*)(&Q_WS_QWS))[argc];
#else
  (void)argc;
  return 0;
#endif
}

Determining if the Q_WS_MAC exist failed with the following output:
Change Dir: /home/hoang/OSS/VoteGrasp/graspit/build/CMakeFiles/CMakeTmp

Run Build Command:"/usr/bin/make" "cmTC_37b1c/fast"
/usr/bin/make -f CMakeFiles/cmTC_37b1c.dir/build.make CMakeFiles/cmTC_37b1c.dir/build
make[1]: Entering directory '/home/hoang/OSS/VoteGrasp/graspit/build/CMakeFiles/CMakeTmp'
Building CXX object CMakeFiles/cmTC_37b1c.dir/CheckSymbolExists.cxx.o
/usr/bin/c++   -I/usr/include/qt4   -o CMakeFiles/cmTC_37b1c.dir/CheckSymbolExists.cxx.o -c /home/hoang/OSS/VoteGrasp/graspit/build/CMakeFiles/CMakeTmp/CheckSymbolExists.cxx
/home/hoang/OSS/VoteGrasp/graspit/build/CMakeFiles/CMakeTmp/CheckSymbolExists.cxx: In function ‘int main(int, char**)’:
/home/hoang/OSS/VoteGrasp/graspit/build/CMakeFiles/CMakeTmp/CheckSymbolExists.cxx:8:19: error: ‘Q_WS_MAC’ was not declared in this scope
   return ((int*)(&Q_WS_MAC))[argc];
                   ^
CMakeFiles/cmTC_37b1c.dir/build.make:65: recipe for target 'CMakeFiles/cmTC_37b1c.dir/CheckSymbolExists.cxx.o' failed
make[1]: *** [CMakeFiles/cmTC_37b1c.dir/CheckSymbolExists.cxx.o] Error 1
make[1]: Leaving directory '/home/hoang/OSS/VoteGrasp/graspit/build/CMakeFiles/CMakeTmp'
Makefile:121: recipe for target 'cmTC_37b1c/fast' failed
make: *** [cmTC_37b1c/fast] Error 2

File /home/hoang/OSS/VoteGrasp/graspit/build/CMakeFiles/CMakeTmp/CheckSymbolExists.cxx:
/* */
#include <QtCore/qglobal.h>

int main(int argc, char** argv)
{
  (void)argv;
#ifndef Q_WS_MAC
  return ((int*)(&Q_WS_MAC))[argc];
#else
  (void)argc;
  return 0;
#endif
}

